{"D:\\NodeJS\\trg\\src\\index.js":{"path":"D:\\NodeJS\\trg\\src\\index.js","s":{"1":1,"2":16,"3":16,"4":16,"5":16,"6":58,"7":42,"8":58,"9":58,"10":16,"11":1,"12":16,"13":1},"b":{"1":[12,4],"2":[7,9],"3":[42,16],"4":[58,26,39,32],"5":[14,2]},"f":{"1":16,"2":16},"fnMap":{"1":{"name":"forInt","line":30,"loc":{"start":{"line":30,"column":0},"end":{"line":30,"column":19}}},"2":{"name":"int","line":57,"loc":{"start":{"line":57,"column":0},"end":{"line":57,"column":27}}}},"statementMap":{"1":{"start":{"line":30,"column":0},"end":{"line":42,"column":1}},"2":{"start":{"line":31,"column":4},"end":{"line":31,"column":41}},"3":{"start":{"line":32,"column":4},"end":{"line":32,"column":47}},"4":{"start":{"line":33,"column":4},"end":{"line":33,"column":15}},"5":{"start":{"line":34,"column":4},"end":{"line":40,"column":77}},"6":{"start":{"line":35,"column":8},"end":{"line":37,"column":9}},"7":{"start":{"line":36,"column":12},"end":{"line":36,"column":29}},"8":{"start":{"line":38,"column":8},"end":{"line":38,"column":43}},"9":{"start":{"line":39,"column":8},"end":{"line":39,"column":23}},"10":{"start":{"line":41,"column":4},"end":{"line":41,"column":13}},"11":{"start":{"line":57,"column":0},"end":{"line":66,"column":1}},"12":{"start":{"line":58,"column":4},"end":{"line":65,"column":7}},"13":{"start":{"line":68,"column":0},"end":{"line":68,"column":31}}},"branchMap":{"1":{"line":31,"type":"cond-expr","locations":[{"start":{"line":31,"column":30},"end":{"line":31,"column":36}},{"start":{"line":31,"column":39},"end":{"line":31,"column":40}}]},"2":{"line":32,"type":"cond-expr","locations":[{"start":{"line":32,"column":34},"end":{"line":32,"column":38}},{"start":{"line":32,"column":41},"end":{"line":32,"column":46}}]},"3":{"line":35,"type":"if","locations":[{"start":{"line":35,"column":8},"end":{"line":35,"column":8}},{"start":{"line":35,"column":8},"end":{"line":35,"column":8}}]},"4":{"line":40,"type":"binary-expr","locations":[{"start":{"line":40,"column":14},"end":{"line":40,"column":21}},{"start":{"line":40,"column":25},"end":{"line":40,"column":41}},{"start":{"line":40,"column":47},"end":{"line":40,"column":54}},{"start":{"line":40,"column":58},"end":{"line":40,"column":74}}]},"5":{"line":61,"type":"cond-expr","locations":[{"start":{"line":61,"column":32},"end":{"line":61,"column":49}},{"start":{"line":61,"column":52},"end":{"line":61,"column":53}}]}}}}